<?xml version="1.0" encoding="UTF-8"?>
<!-- Generated by org.testng.reporters.JUnitReportReporter -->
<testsuite hostname="DESKTOP-K9CAG6Q" failures="0" tests="1" name="wsm_TrucNa.NewTest" time="0.015" errors="0" timestamp="12 Oct 2018 15:17:38 GMT" skipped="0">
  <testcase classname="wsm_TrucNa.NewTest" name="f" time="0.015"/>
</testsuite> <!-- wsm_TrucNa.NewTest -->
